<?xml version="1.0" encoding="UTF-8"?>
<!-- Generated by org.testng.reporters.JUnitXMLReporter -->
<testsuite ignored="0" hostname="DESKTOP-G0OK52U" failures="0" tests="4" name="Test" time="16.92" errors="0" timestamp="2022-04-27T08:01:25 IST">
  <testcase classname="tests.LoginTest" name="verifyAppTitle" time="0.01"/>
  <testcase classname="tests.LoginTest" name="verifyforgotPassword" time="0.118"/>
  <testcase classname="tests.LoginTest" name="verifyLoginWithValidUserdetails" time="4.263"/>
  <testcase classname="tests.LoginTest" name="verifyLogout" time="0.0"/>
</testsuite> <!-- Test -->
